Starting Dynare (version 4.5.4).
Starting preprocessing of the model file ...
Found 8 equation(s).
Evaluating expressions...done
Computing static model derivatives:
 - order 1
 - order 2
 - derivatives of Jacobian/Hessian w.r. to parameters
Computing dynamic model derivatives:
 - order 1
 - order 2
 - derivatives of Jacobian/Hessian w.r. to parameters
Processing outputs ...
done
Preprocessing completed.

STEADY-STATE RESULTS:

y      		 2.36641
c      		 1.86078
k      		 20.2251
h      		 0.94351
e_a    		 0
e_b    		 0
gy_obs 		 1
gh_obs 		 1




Residuals of the static equations:

Equation number 1 : 0
Equation number 2 : 0
Equation number 3 : 0
Equation number 4 : 0
Equation number 5 : 0
Equation number 6 : 0
Equation number 7 : 0
Equation number 8 : 0


Prior distribution for parameter alpha has unbounded density!
Prior distribution for parameter alpha has two modes!
Prior distribution for parameter rho_a has unbounded density!
Prior distribution for parameter rho_a has two modes!
Prior distribution for parameter rho_b has unbounded density!
Prior distribution for parameter rho_b has two modes!

==== Identification analysis ====

Prior distribution for parameter alpha has unbounded density!
Prior distribution for parameter alpha has two modes!
Prior distribution for parameter rho_a has unbounded density!
Prior distribution for parameter rho_a has two modes!
Prior distribution for parameter rho_b has unbounded density!
Prior distribution for parameter rho_b has two modes!
Testing prior mean
{Operation terminated by user during <a href="matlab:matlab.internal.language.introspective.errorDocCallback('dynare_identification', 'C:\dynare\4.5.4\matlab\dynare_identification.m', 290)" style="font-weight:bold">dynare_identification</a> (<a href="matlab: opentoline('C:\dynare\4.5.4\matlab\dynare_identification.m',290,0)">line 290</a>)


In <a href="matlab:matlab.internal.language.introspective.errorDocCallback('Ferroni_2', 'D:\Nicolas_Fajardo\Matlab\Dynare\DSGE_Jose\archivos_mod\true_model\Ferroni_2.m', 194)" style="font-weight:bold">Ferroni_2</a> (<a href="matlab: opentoline('D:\Nicolas_Fajardo\Matlab\Dynare\DSGE_Jose\archivos_mod\true_model\Ferroni_2.m',194,0)">line 194</a>)
dynare_identification(options_ident);

In <a href="matlab:matlab.internal.language.introspective.errorDocCallback('dynare', 'C:\dynare\4.5.4\matlab\dynare.m', 223)" style="font-weight:bold">dynare</a> (<a href="matlab: opentoline('C:\dynare\4.5.4\matlab\dynare.m',223,0)">line 223</a>)
evalin('base',fname) ;

In <a href="matlab:matlab.internal.language.introspective.errorDocCallback('Modelos_completos_MATLAB', 'D:\Nicolas_Fajardo\Matlab\Dynare\DSGE_Jose\archivos_mod\Modelos_completos_MATLAB.m', 69)" style="font-weight:bold">Modelos_completos_MATLAB</a> (<a href="matlab: opentoline('D:\Nicolas_Fajardo\Matlab\Dynare\DSGE_Jose\archivos_mod\Modelos_completos_MATLAB.m',69,0)">line 69</a>)
dynare Ferroni_2.mod
} 
clear all
clc
Modelos_completos_MATLAB

Configuring Dynare ...
[mex] Generalized QZ.
[mex] Sylvester equation solution.
[mex] Kronecker products.
[mex] Sparse kronecker products.
[mex] Local state space iteration (second order).
[mex] Bytecode evaluation.
[mex] k-order perturbation solver.
[mex] k-order solution simulation.
[mex] Quasi Monte-Carlo sequence (Sobol).
[mex] Markov Switching SBVAR.

Using 64-bit preprocessor
Starting Dynare (version 4.5.4).
Starting preprocessing of the model file ...
Found 10 equation(s).
Evaluating expressions...done
Computing static model derivatives:
 - order 1
Computing dynamic model derivatives:
 - order 1
Processing outputs ...
done
Preprocessing completed.

